Change Component Designator: OldDesignator=C11 NewDesignator=C12
Change Component Designator: OldDesignator=C12 NewDesignator=C13
Change Component Designator: OldDesignator=C13 NewDesignator=C14
Change Component Designator: OldDesignator=C14 NewDesignator=C15
Change Component Designator: OldDesignator=C15 NewDesignator=C16
Added Component: Designator=C11(JP4-C1T)
Add component. Clean all parameters for all variants
Add component (AddParameter): Name = "ComponentLink1 Description"; Value = "Manufacturer"; VariantName = "[No Variations]"
Add component (AddParameter): Name = "ComponentLink1URL"; Value = "http://www.we-online.com"; VariantName = "[No Variations]"
Add component (AddParameter): Name = "ComponentLink2 Description"; Value = "Datasheet"; VariantName = "[No Variations]"
Add component (AddParameter): Name = "ComponentLink2URL"; Value = "http://katalog.we-online.de/em/datasheet/6130xx143121.pdf"; VariantName = "[No Variations]"
Add component (AddParameter): Name = "Created by"; Value = "Karrer Zheng"; VariantName = "[No Variations]"
Add component (AddParameter): Name = "Created Date"; Value = "29 March 2013"; VariantName = "[No Variations]"
Add component (AddParameter): Name = "Manufacturer"; Value = "W¨¹rth Elektronik eiSos GmbH"; VariantName = "[No Variations]"
Add component (AddParameter): Name = "NoPins"; Value = "04"; VariantName = "[No Variations]"
Add component (AddParameter): Name = "partNo"; Value = "613004143121"; VariantName = "[No Variations]"
Added Component: Designator=R8(RES-SMD-0805)
Add component. Clean all parameters for all variants
Added Component: Designator=R9(RES-SMD-0805)
Add component. Clean all parameters for all variants
Added Pin To Net: NetName=GND Pin=C11-1
Added Pin To Net: NetName=VCC Pin=C11-2
Added Pin To Net: NetName=VCC Pin=R8-2
Added Pin To Net: NetName=VCC Pin=R9-2
Added Pin To Net: NetName=SCL Pin=A1-23
Added Pin To Net: NetName=SCL Pin=C11-4
Added Pin To Net: NetName=SCL Pin=R9-1
Added Net: Name=SCL
Added Pin To Net: NetName=SDA Pin=A1-22
Added Pin To Net: NetName=SDA Pin=C11-3
Added Pin To Net: NetName=SDA Pin=R8-1
Added Net: Name=SDA
Added Member To Class: ClassName=MayBanNuocTuDong Member=Component C16 JP3
Added Member To Class: ClassName=MayBanNuocTuDong Member=Component R8 1k
Added Member To Class: ClassName=MayBanNuocTuDong Member=Component R9 1k
Added Room: Name=MayBanNuocTuDong
